Initializing NVMe Controllers :spdk_vmd_init
call spdk_nvme_probe
Attaching to 0000:00:04.0
Attached to 0000:00:04.0
call spdk_nvme_ctrlr_get_data
  Namespace ID: 1 size: 475GB
Initialization complete.
call spdk_nvme_ctrlr_alloc_io_qpair
call spdk_nvme_ctrlr_map_cmb
call spdk_zmalloc
INFO: using host memory buffer for IO
call spdk_nvme_ns_cmd_write
call spdk_nvme_qpair_process_completions
call spdk_nvme_qpair_process_completions
call spdk_nvme_qpair_process_completions
call spdk_nvme_qpair_process_completions
call spdk_nvme_qpair_process_completions
call spdk_nvme_qpair_process_completions
call spdk_nvme_qpair_process_completions
call spdk_nvme_qpair_process_completions
call spdk_nvme_qpair_process_completions
call spdk_nvme_qpair_process_completions
call spdk_nvme_qpair_process_completions
call spdk_nvme_qpair_process_completions
call spdk_nvme_qpair_process_completions
call spdk_nvme_qpair_process_completions
call spdk_nvme_qpair_process_completions
call spdk_nvme_qpair_process_completions
call spdk_nvme_qpair_process_completions
call spdk_nvme_qpair_process_completions
call spdk_nvme_qpair_process_completions
call spdk_nvme_qpair_process_completions
call spdk_nvme_qpair_process_completions
call spdk_nvme_qpair_process_completions
call spdk_nvme_qpair_process_completions
call spdk_nvme_qpair_process_completions
call spdk_nvme_qpair_process_completions
call spdk_nvme_qpair_process_completions
call spdk_nvme_qpair_process_completions
call spdk_nvme_qpair_process_completions
call spdk_nvme_qpair_process_completions
call spdk_nvme_qpair_process_completions
call spdk_nvme_qpair_process_completions
call spdk_nvme_qpair_process_completions
call spdk_nvme_qpair_process_completions
call spdk_nvme_qpair_process_completions
call spdk_nvme_qpair_process_completions
call spdk_nvme_qpair_process_completions
call spdk_nvme_qpair_process_completions
call spdk_nvme_qpair_process_completions
call spdk_nvme_qpair_process_completions
call spdk_nvme_qpair_process_completions
call spdk_nvme_qpair_process_completions
call spdk_nvme_qpair_process_completions
call spdk_nvme_qpair_process_completions
call spdk_nvme_qpair_process_completions
call spdk_nvme_qpair_process_completions
call spdk_nvme_qpair_process_completions
call spdk_nvme_qpair_process_completions
call spdk_nvme_qpair_process_completions
call spdk_nvme_qpair_process_completions
call spdk_nvme_qpair_process_completions
call spdk_nvme_qpair_process_completions
call spdk_nvme_qpair_process_completions
call spdk_nvme_qpair_process_completions
call spdk_nvme_qpair_process_completions
call spdk_nvme_qpair_process_completions
call spdk_nvme_qpair_process_completions
call spdk_nvme_qpair_process_completions
call spdk_nvme_qpair_process_completions
call spdk_nvme_qpair_process_completions
call spdk_nvme_qpair_process_completions
call spdk_nvme_qpair_process_completions
call spdk_nvme_qpair_process_completions
call spdk_nvme_qpair_process_completions
call spdk_nvme_qpair_process_completions
call spdk_nvme_qpair_process_completions
call spdk_nvme_qpair_process_completions
call spdk_nvme_qpair_process_completions
call spdk_nvme_qpair_process_completions
call spdk_nvme_qpair_process_completions
call spdk_nvme_qpair_process_completions
call spdk_nvme_qpair_process_completions
call spdk_nvme_qpair_process_completions
call spdk_nvme_qpair_process_completions
call spdk_nvme_qpair_process_completions
call spdk_nvme_qpair_process_completions
call spdk_nvme_qpair_process_completions
call spdk_nvme_qpair_process_completions
call spdk_nvme_qpair_process_completions
call spdk_nvme_qpair_process_completions
Hello world!
call spdk_nvme_ctrlr_free_io_qpair